<?xml version="1.0" encoding="UTF-8"?>
<!-- Generated by org.testng.reporters.JUnitReportReporter -->
<testsuite hostname="LAPTOP-4DPE75CE" name="tests.Four" tests="1" failures="0" timestamp="14 Jun 2023 13:30:14 GMT" time="32.983" errors="0">
  <testcase name="testFour" time="32.983" classname="tests.Four"/>
</testsuite> <!-- tests.Four -->
