<?xml version="1.0" encoding="UTF-8"?>
<!-- Generated by org.testng.reporters.JUnitReportReporter -->
<testsuite hostname="LAPTOP-4DPE75CE" name="tests.One" tests="3" failures="0" timestamp="14 Jun 2023 13:30:14 GMT" time="51.743" errors="0">
  <testcase name="testOneGoogle" time="9.809" classname="tests.One"/>
  <testcase name="testOneYoutube" time="27.894" classname="tests.One"/>
  <testcase name="testOne" time="14.040" classname="tests.One"/>
</testsuite> <!-- tests.One -->
